
> doacao-bebe-site@0.1.0 start
> react-scripts start

(node:27149) [DEP_WEBPACK_DEV_SERVER_ON_AFTER_SETUP_MIDDLEWARE] DeprecationWarning: 'onAfterSetupMiddleware' option is deprecated. Please use the 'setupMiddlewares' option.
(Use `node --trace-deprecation ...` to show where the warning was created)
(node:27149) [DEP_WEBPACK_DEV_SERVER_ON_BEFORE_SETUP_MIDDLEWARE] DeprecationWarning: 'onBeforeSetupMiddleware' option is deprecated. Please use the 'setupMiddlewares' option.
Starting the development server...

Compiled with warnings.

[eslint] 
src/pages/Home.js
  Line 3:64:    'LogIn' is defined but never used                    no-unused-vars
  Line 3:74:    'Clock' is defined but never used                    no-unused-vars
  Line 9:21:    'removerProduto' is assigned a value but never used  no-unused-vars
  Line 10:11:   'theme' is assigned a value but never used           no-unused-vars
  Line 48:9:    'categorias' is assigned a value but never used      no-unused-vars
  Line 271:13:  No duplicate props allowed                           react/jsx-no-duplicate-props

Search for the keywords to learn more about each warning.
To ignore, add // eslint-disable-next-line to the line before.

WARNING in [eslint] 
src/pages/Home.js
  Line 3:64:    'LogIn' is defined but never used                    no-unused-vars
  Line 3:74:    'Clock' is defined but never used                    no-unused-vars
  Line 9:21:    'removerProduto' is assigned a value but never used  no-unused-vars
  Line 10:11:   'theme' is assigned a value but never used           no-unused-vars
  Line 48:9:    'categorias' is assigned a value but never used      no-unused-vars
  Line 271:13:  No duplicate props allowed                           react/jsx-no-duplicate-props

webpack compiled with 1 warning
Compiling...
Compiled with warnings.

[eslint] 
src/pages/Home.js
  Line 3:64:    'LogIn' is defined but never used                    no-unused-vars
  Line 3:74:    'Clock' is defined but never used                    no-unused-vars
  Line 9:21:    'removerProduto' is assigned a value but never used  no-unused-vars
  Line 10:11:   'theme' is assigned a value but never used           no-unused-vars
  Line 48:9:    'categorias' is assigned a value but never used      no-unused-vars
  Line 271:13:  No duplicate props allowed                           react/jsx-no-duplicate-props

Search for the keywords to learn more about each warning.
To ignore, add // eslint-disable-next-line to the line before.

WARNING in [eslint] 
src/pages/Home.js
  Line 3:64:    'LogIn' is defined but never used                    no-unused-vars
  Line 3:74:    'Clock' is defined but never used                    no-unused-vars
  Line 9:21:    'removerProduto' is assigned a value but never used  no-unused-vars
  Line 10:11:   'theme' is assigned a value but never used           no-unused-vars
  Line 48:9:    'categorias' is assigned a value but never used      no-unused-vars
  Line 271:13:  No duplicate props allowed                           react/jsx-no-duplicate-props

webpack compiled with 1 warning
Compiling...
Compiled with warnings.

[eslint] 
src/pages/Home.js
  Line 3:64:    'LogIn' is defined but never used                    no-unused-vars
  Line 3:74:    'Clock' is defined but never used                    no-unused-vars
  Line 9:21:    'removerProduto' is assigned a value but never used  no-unused-vars
  Line 10:11:   'theme' is assigned a value but never used           no-unused-vars
  Line 48:9:    'categorias' is assigned a value but never used      no-unused-vars
  Line 271:13:  No duplicate props allowed                           react/jsx-no-duplicate-props

Search for the keywords to learn more about each warning.
To ignore, add // eslint-disable-next-line to the line before.

WARNING in [eslint] 
src/pages/Home.js
  Line 3:64:    'LogIn' is defined but never used                    no-unused-vars
  Line 3:74:    'Clock' is defined but never used                    no-unused-vars
  Line 9:21:    'removerProduto' is assigned a value but never used  no-unused-vars
  Line 10:11:   'theme' is assigned a value but never used           no-unused-vars
  Line 48:9:    'categorias' is assigned a value but never used      no-unused-vars
  Line 271:13:  No duplicate props allowed                           react/jsx-no-duplicate-props

webpack compiled with 1 warning
Compiling...
Compiled with warnings.

[eslint] 
src/pages/Home.js
  Line 3:64:    'LogIn' is defined but never used                    no-unused-vars
  Line 3:74:    'Clock' is defined but never used                    no-unused-vars
  Line 9:21:    'removerProduto' is assigned a value but never used  no-unused-vars
  Line 10:11:   'theme' is assigned a value but never used           no-unused-vars
  Line 48:9:    'categorias' is assigned a value but never used      no-unused-vars
  Line 271:13:  No duplicate props allowed                           react/jsx-no-duplicate-props

Search for the keywords to learn more about each warning.
To ignore, add // eslint-disable-next-line to the line before.

WARNING in [eslint] 
src/pages/Home.js
  Line 3:64:    'LogIn' is defined but never used                    no-unused-vars
  Line 3:74:    'Clock' is defined but never used                    no-unused-vars
  Line 9:21:    'removerProduto' is assigned a value but never used  no-unused-vars
  Line 10:11:   'theme' is assigned a value but never used           no-unused-vars
  Line 48:9:    'categorias' is assigned a value but never used      no-unused-vars
  Line 271:13:  No duplicate props allowed                           react/jsx-no-duplicate-props

webpack compiled with 1 warning
Compiling...
Compiled with warnings.

[eslint] 
src/pages/Home.js
  Line 3:64:    'LogIn' is defined but never used                    no-unused-vars
  Line 3:74:    'Clock' is defined but never used                    no-unused-vars
  Line 9:21:    'removerProduto' is assigned a value but never used  no-unused-vars
  Line 10:11:   'theme' is assigned a value but never used           no-unused-vars
  Line 48:9:    'categorias' is assigned a value but never used      no-unused-vars
  Line 271:13:  No duplicate props allowed                           react/jsx-no-duplicate-props

Search for the keywords to learn more about each warning.
To ignore, add // eslint-disable-next-line to the line before.

WARNING in [eslint] 
src/pages/Home.js
  Line 3:64:    'LogIn' is defined but never used                    no-unused-vars
  Line 3:74:    'Clock' is defined but never used                    no-unused-vars
  Line 9:21:    'removerProduto' is assigned a value but never used  no-unused-vars
  Line 10:11:   'theme' is assigned a value but never used           no-unused-vars
  Line 48:9:    'categorias' is assigned a value but never used      no-unused-vars
  Line 271:13:  No duplicate props allowed                           react/jsx-no-duplicate-props

webpack compiled with 1 warning
Compiling...
Compiled with warnings.

[eslint] 
src/pages/Home.js
  Line 3:64:    'LogIn' is defined but never used                    no-unused-vars
  Line 3:74:    'Clock' is defined but never used                    no-unused-vars
  Line 9:21:    'removerProduto' is assigned a value but never used  no-unused-vars
  Line 10:11:   'theme' is assigned a value but never used           no-unused-vars
  Line 48:9:    'categorias' is assigned a value but never used      no-unused-vars
  Line 271:13:  No duplicate props allowed                           react/jsx-no-duplicate-props

Search for the keywords to learn more about each warning.
To ignore, add // eslint-disable-next-line to the line before.

WARNING in [eslint] 
src/pages/Home.js
  Line 3:64:    'LogIn' is defined but never used                    no-unused-vars
  Line 3:74:    'Clock' is defined but never used                    no-unused-vars
  Line 9:21:    'removerProduto' is assigned a value but never used  no-unused-vars
  Line 10:11:   'theme' is assigned a value but never used           no-unused-vars
  Line 48:9:    'categorias' is assigned a value but never used      no-unused-vars
  Line 271:13:  No duplicate props allowed                           react/jsx-no-duplicate-props

webpack compiled with 1 warning
